<?xml version="1.0" encoding="UTF-8"?>
<testsuite xmlns:xsi="http://www.w3.org/2001/XMLSchema-instance" xsi:noNamespaceSchemaLocation="https://maven.apache.org/surefire/maven-surefire-plugin/xsd/surefire-test-report-3.0.xsd" version="3.0" name="com.bernal.EstudianteTest" time="0.063" tests="9" errors="0" skipped="0" failures="0">
  <properties>
[...]
</properties>
  <testcase name="pruebaAsignacionCalificacion" classname="com.bernal.EstudianteTest" time="0.025"/>
  <testcase name="pruebaEsUniversitario" classname="com.bernal.EstudianteTest" time="0.008"/>
  <testcase name="aprueba" classname="com.bernal.EstudianteTest" time="0.001"/>
  <testcase name="pruebaAsignacionNombre" classname="com.bernal.EstudianteTest" time="0.001"/>
  <testcase name="Noaprueba" classname="com.bernal.EstudianteTest" time="0.001"/>
  <testcase name="pruebaAsignacionConstructor" classname="com.bernal.EstudianteTest" time="0.001"/>
  <testcase name="pruebaNoEsUniversitario" classname="com.bernal.EstudianteTest" time="0.001"/>
  <testcase name="pruebaEdadEScolar" classname="com.bernal.EstudianteTest" time="0.0"/>
  <testcase name="pruebaAsignacionEdad" classname="com.bernal.EstudianteTest" time="0.002"/>
</testsuite>